c:\users\admin\desktop\intensityprofile - copy\intensityprofile\x64\release\camerasettings.obj
c:\users\admin\desktop\intensityprofile - copy\intensityprofile\x64\release\appagalvo.obj
c:\users\admin\desktop\intensityprofile - copy\intensityprofile\x64\release\intensityprofile.obj
c:\users\admin\desktop\intensityprofile - copy\intensityprofile\x64\release\moc_intensityprofile.obj
c:\users\admin\desktop\intensityprofile - copy\intensityprofile\x64\release\main.obj
c:\users\admin\desktop\intensityprofile - copy\intensityprofile\x64\release\moc_openglwidget.obj
c:\users\admin\desktop\intensityprofile - copy\intensityprofile\x64\release\galvo.obj
c:\users\admin\desktop\intensityprofile - copy\intensityprofile\x64\release\moc_appagalvo.obj
c:\users\admin\desktop\intensityprofile - copy\intensityprofile\x64\release\openglwidget.obj
c:\users\admin\desktop\intensityprofile - copy\intensityprofile\generatedfiles\ui_camerasettings.h
c:\users\admin\desktop\intensityprofile - copy\intensityprofile\generatedfiles\ui_cgsnapcamerawidget.h
c:\users\admin\desktop\intensityprofile - copy\intensityprofile\generatedfiles\ui_drawpattern.h
c:\users\admin\desktop\intensityprofile - copy\intensityprofile\generatedfiles\ui_galvo.h
c:\users\admin\desktop\intensityprofile - copy\intensityprofile\generatedfiles\ui_intensityprofile.h
c:\users\admin\desktop\intensityprofile - copy\intensityprofile\generatedfiles\qrc_intensityprofile.cpp
c:\users\admin\desktop\intensityprofile - copy\intensityprofile\generatedfiles\release\moc_intensityprofile.cpp
c:\users\admin\desktop\intensityprofile - copy\intensityprofile\generatedfiles\release\moc_qcustomplot.cpp
c:\users\admin\desktop\intensityprofile - copy\intensityprofile\generatedfiles\release\moc_appagalvo.cpp
c:\users\admin\desktop\intensityprofile - copy\intensityprofile\generatedfiles\release\moc_galvo.cpp
c:\users\admin\desktop\intensityprofile - copy\intensityprofile\generatedfiles\release\moc_camerasettings.cpp
c:\users\admin\desktop\intensityprofile - copy\intensityprofile\generatedfiles\release\moc_openglwidget.cpp
c:\users\admin\desktop\intensityprofile - copy\intensityprofile\generatedfiles\release\moc_octcmoscamera.cpp
c:\users\admin\desktop\intensityprofile - copy\x64\release\intensityprofile.lib
c:\users\admin\desktop\intensityprofile - copy\x64\release\intensityprofile.exp
c:\users\admin\desktop\intensityprofile - copy\x64\release\intensityprofile.exe
c:\users\admin\desktop\intensityprofile - copy\intensityprofile\.\generatedfiles\release\moc_intensityprofile.cpp
c:\users\admin\desktop\intensityprofile - copy\intensityprofile\.\generatedfiles\release\moc_qcustomplot.cpp
c:\users\admin\desktop\intensityprofile - copy\intensityprofile\.\generatedfiles\release\moc_appagalvo.cpp
c:\users\admin\desktop\intensityprofile - copy\intensityprofile\.\generatedfiles\release\moc_galvo.cpp
c:\users\admin\desktop\intensityprofile - copy\intensityprofile\.\generatedfiles\release\moc_camerasettings.cpp
c:\users\admin\desktop\intensityprofile - copy\intensityprofile\.\generatedfiles\release\moc_openglwidget.cpp
c:\users\admin\desktop\intensityprofile - copy\intensityprofile\.\generatedfiles\release\moc_octcmoscamera.cpp
c:\users\admin\desktop\intensityprofile - copy\intensityprofile\.\generatedfiles\qrc_intensityprofile.cpp
c:\users\admin\desktop\intensityprofile - copy\intensityprofile\.\generatedfiles\ui_camerasettings.h
c:\users\admin\desktop\intensityprofile - copy\intensityprofile\.\generatedfiles\ui_cgsnapcamerawidget.h
c:\users\admin\desktop\intensityprofile - copy\intensityprofile\.\generatedfiles\ui_drawpattern.h
c:\users\admin\desktop\intensityprofile - copy\intensityprofile\.\generatedfiles\ui_galvo.h
c:\users\admin\desktop\intensityprofile - copy\intensityprofile\.\generatedfiles\ui_intensityprofile.h
c:\users\admin\desktop\intensityprofile - copy\intensityprofile\x64\release\intensityprofile.vcxprojresolveassemblyreference.cache
c:\users\admin\desktop\intensityprofile - copy\intensityprofile\x64\release\cgsnapcamerawidget.obj
c:\users\admin\desktop\intensityprofile - copy\intensityprofile\x64\release\drawpattern.obj
c:\users\admin\desktop\intensityprofile - copy\intensityprofile\x64\release\fovcamera.obj
c:\users\admin\desktop\intensityprofile - copy\intensityprofile\x64\release\linescancamera.obj
c:\users\admin\desktop\intensityprofile - copy\intensityprofile\x64\release\moc_camerasettings.obj
c:\users\admin\desktop\intensityprofile - copy\intensityprofile\x64\release\moc_galvo.obj
c:\users\admin\desktop\intensityprofile - copy\intensityprofile\x64\release\moc_octcmoscamera.obj
c:\users\admin\desktop\intensityprofile - copy\intensityprofile\x64\release\moc_qcustomplot.obj
c:\users\admin\desktop\intensityprofile - copy\intensityprofile\x64\release\octcmoscamera.obj
c:\users\admin\desktop\intensityprofile - copy\intensityprofile\x64\release\qcustomplot.obj
c:\users\admin\desktop\intensityprofile - copy\intensityprofile\x64\release\qrc_intensityprofile.obj
c:\users\admin\desktop\intensityprofile - copy\intensityprofile\x64\release\intensityprofile.tlog\cl.command.1.tlog
c:\users\admin\desktop\intensityprofile - copy\intensityprofile\x64\release\intensityprofile.tlog\cl.read.1.tlog
c:\users\admin\desktop\intensityprofile - copy\intensityprofile\x64\release\intensityprofile.tlog\cl.write.1.tlog
c:\users\admin\desktop\intensityprofile - copy\intensityprofile\x64\release\intensityprofile.tlog\intensityprofile.write.1u.tlog
c:\users\admin\desktop\intensityprofile - copy\intensityprofile\x64\release\intensityprofile.tlog\link.command.1.tlog
c:\users\admin\desktop\intensityprofile - copy\intensityprofile\x64\release\intensityprofile.tlog\link.read.1.tlog
c:\users\admin\desktop\intensityprofile - copy\intensityprofile\x64\release\intensityprofile.tlog\link.write.1.tlog
c:\users\admin\desktop\intensityprofile - copy\intensityprofile\x64\release\intensityprofile.tlog\moc.read.1u.tlog
c:\users\admin\desktop\intensityprofile - copy\intensityprofile\x64\release\intensityprofile.tlog\moc.write.1u.tlog
c:\users\admin\desktop\intensityprofile - copy\intensityprofile\x64\release\intensityprofile.tlog\rcc.read.1u.tlog
c:\users\admin\desktop\intensityprofile - copy\intensityprofile\x64\release\intensityprofile.tlog\rcc.write.1u.tlog
c:\users\admin\desktop\intensityprofile - copy\intensityprofile\x64\release\intensityprofile.tlog\uic.read.1u.tlog
c:\users\admin\desktop\intensityprofile - copy\intensityprofile\x64\release\intensityprofile.tlog\uic.write.1u.tlog
